C:\work\serverHttp\server\server\x64\Debug\cl.command.1.tlog
C:\work\serverHttp\server\server\x64\Debug\CL.read.1.tlog
C:\work\serverHttp\server\server\x64\Debug\CL.write.1.tlog
C:\work\serverHttp\server\server\x64\Debug\link.3732.read.1.tlog
C:\work\serverHttp\server\server\x64\Debug\link.3732.write.1.tlog
C:\work\serverHttp\server\server\x64\Debug\link.3732-cvtres.read.1.tlog
C:\work\serverHttp\server\server\x64\Debug\link.3732-cvtres.write.1.tlog
C:\work\serverHttp\server\server\x64\Debug\link.command.1.tlog
C:\work\serverHttp\server\server\x64\Debug\link.read.1.tlog
C:\work\serverHttp\server\server\x64\Debug\link.write.1.tlog
C:\work\serverHttp\server\server\x64\Debug\link-cvtres.read.1.tlog
C:\work\serverHttp\server\server\x64\Debug\link-cvtres.write.1.tlog
C:\WORK\SERVERHTTP\SERVER\SERVER\X64\DEBUG\MONGOOSE.OBJ
C:\work\serverHttp\server\server\x64\Debug\mt.command.1.tlog
C:\work\serverHttp\server\server\x64\Debug\mt.read.1.tlog
C:\work\serverHttp\server\server\x64\Debug\mt.write.1.tlog
C:\WORK\SERVERHTTP\SERVER\SERVER\X64\DEBUG\POST.OBJ
C:\work\serverHttp\server\server\x64\Debug\rc.command.1.tlog
C:\work\serverHttp\server\server\x64\Debug\rc.read.1.tlog
C:\work\serverHttp\server\server\x64\Debug\rc.write.1.tlog
C:\WORK\SERVERHTTP\SERVER\SERVER\X64\DEBUG\SERVER.EXE.EMBED.MANIFEST
C:\WORK\SERVERHTTP\SERVER\SERVER\X64\DEBUG\SERVER.EXE.EMBED.MANIFEST.RES
C:\WORK\SERVERHTTP\SERVER\SERVER\X64\DEBUG\SERVER.EXE.INTERMEDIATE.MANIFEST
C:\work\serverHttp\server\server\x64\Debug\server_manifest.rc
C:\work\serverHttp\server\server\x64\Debug\vc100.idb
C:\WORK\SERVERHTTP\SERVER\SERVER\X64\DEBUG\VC100.PDB
C:\WORK\SERVERHTTP\SERVER\SERVER\X64\DEBUG\VSPDCTOMYSQL.OBJ
C:\WORK\SERVERHTTP\SERVER\X64\DEBUG\SERVER.EXE
C:\WORK\SERVERHTTP\SERVER\X64\DEBUG\SERVER.ILK
C:\WORK\SERVERHTTP\SERVER\X64\DEBUG\SERVER.PDB
