生成启动时间为 2013/8/18 9:28:10。
     1>项目“C:\work\httpservergithud\trunk\server\server.vcxproj”在节点 2 上(build 个目标)。
     1>InitializeBuildStatus:
         正在对“Debug\server.unsuccessfulbuild”执行 Touch 任务。
       ClCompile:
         c:\Program Files (x86)\Microsoft Visual Studio 10.0\VC\bin\CL.exe /c /I"C:\Program Files\MySQL\MySQL Server 5.6\include" /ZI /nologo /W3 /WX- /Od /Oy- /D WIN32 /D _DEBUG /D _CONSOLE /D _UNICODE /D UNICODE /Gm /EHsc /RTC1 /MTd /GS /fp:precise /Zc:wchar_t /Zc:forScope /Fo"Debug\\" /Fd"Debug\vc100.pdb" /Gd /TC /analyze- /errorReport:prompt mongoose.c
         mongoose.c
         c:\Program Files (x86)\Microsoft Visual Studio 10.0\VC\bin\CL.exe /c /I"C:\Program Files\MySQL\MySQL Server 5.6\include" /ZI /nologo /W3 /WX- /Od /Oy- /D WIN32 /D _DEBUG /D _CONSOLE /D _UNICODE /D UNICODE /Gm /EHsc /RTC1 /MTd /GS /fp:precise /Zc:wchar_t /Zc:forScope /Fo"Debug\\" /Fd"Debug\vc100.pdb" /Gd /TP /analyze- /errorReport:prompt VspdCToMySQL.cpp post.cpp
         post.cpp
         _WIN32_WINNT not defined. Defaulting to _WIN32_WINNT_MAXVER (see WinSDKVer.h)
         VspdCToMySQL.cpp
         _WIN32_WINNT not defined. Defaulting to _WIN32_WINNT_MAXVER (see WinSDKVer.h)
     1>c:\work\httpservergithud\trunk\server\vspdctomysql.cpp(39): warning C4996: 'sprintf': This function or variable may be unsafe. Consider using sprintf_s instead. To disable deprecation, use _CRT_SECURE_NO_WARNINGS. See online help for details.
                 c:\program files (x86)\microsoft visual studio 10.0\vc\include\stdio.h(371) : 参见“sprintf”的声明
     1>c:\work\httpservergithud\trunk\server\vspdctomysql.cpp(77): warning C4996: 'sprintf': This function or variable may be unsafe. Consider using sprintf_s instead. To disable deprecation, use _CRT_SECURE_NO_WARNINGS. See online help for details.
                 c:\program files (x86)\microsoft visual studio 10.0\vc\include\stdio.h(371) : 参见“sprintf”的声明
     1>c:\work\httpservergithud\trunk\server\vspdctomysql.cpp(90): warning C4996: 'sprintf': This function or variable may be unsafe. Consider using sprintf_s instead. To disable deprecation, use _CRT_SECURE_NO_WARNINGS. See online help for details.
                 c:\program files (x86)\microsoft visual studio 10.0\vc\include\stdio.h(371) : 参见“sprintf”的声明
     1>c:\work\httpservergithud\trunk\server\vspdctomysql.cpp(103): warning C4996: 'sprintf': This function or variable may be unsafe. Consider using sprintf_s instead. To disable deprecation, use _CRT_SECURE_NO_WARNINGS. See online help for details.
                 c:\program files (x86)\microsoft visual studio 10.0\vc\include\stdio.h(371) : 参见“sprintf”的声明
         正在生成代码...
       ManifestResourceCompile:
         c:\Program Files (x86)\Microsoft SDKs\Windows\v7.0A\bin\rc.exe /nologo /fo"Debug\server.exe.embed.manifest.res" Debug\server_manifest.rc 
       Link:
         c:\Program Files (x86)\Microsoft Visual Studio 10.0\VC\bin\link.exe /ERRORREPORT:PROMPT /OUT:"C:\work\httpservergithud\trunk\Debug\server.exe" /INCREMENTAL /NOLOGO libmysql.lib mysqlclient.lib /NODEFAULTLIB:uafxcwd.lib /MANIFEST /ManifestFile:"Debug\server.exe.intermediate.manifest" /MANIFESTUAC:"level='asInvoker' uiAccess='false'" /DEBUG /PDB:"C:\work\httpservergithud\trunk\Debug\server.pdb" /SUBSYSTEM:CONSOLE /TLBID:1 /DYNAMICBASE /NXCOMPAT /IMPLIB:"C:\work\httpservergithud\trunk\Debug\server.lib" /MACHINE:X86 Debug\server.exe.embed.manifest.res
         Debug\mongoose.obj
         Debug\VspdCToMySQL.obj
         Debug\post.obj
     1>VspdCToMySQL.obj : error LNK2001: 无法解析的外部符号 __afxForceEXCLUDE
     1>post.obj : error LNK2001: 无法解析的外部符号 __afxForceEXCLUDE
     1>VspdCToMySQL.obj : error LNK2019: 无法解析的外部符号 _mysql_set_character_set@8，该符号在函数 "public: int __thiscall VspdCToMySQL::ConnMySQL(char *,char *,char *,char *,char *,char *,char *)" (?ConnMySQL@VspdCToMySQL@@QAEHPAD000000@Z) 中被引用
     1>VspdCToMySQL.obj : error LNK2019: 无法解析的外部符号 _mysql_real_connect@32，该符号在函数 "public: int __thiscall VspdCToMySQL::ConnMySQL(char *,char *,char *,char *,char *,char *,char *)" (?ConnMySQL@VspdCToMySQL@@QAEHPAD000000@Z) 中被引用
     1>VspdCToMySQL.obj : error LNK2019: 无法解析的外部符号 _mysql_init@4，该符号在函数 "public: int __thiscall VspdCToMySQL::ConnMySQL(char *,char *,char *,char *,char *,char *,char *)" (?ConnMySQL@VspdCToMySQL@@QAEHPAD000000@Z) 中被引用
     1>VspdCToMySQL.obj : error LNK2019: 无法解析的外部符号 _mysql_free_result@4，该符号在函数 "public: class std::basic_string<char,struct std::char_traits<char>,class std::allocator<char> > __thiscall VspdCToMySQL::SelectData(char *,int,char *)" (?SelectData@VspdCToMySQL@@QAE?AV?$basic_string@DU?$char_traits@D@std@@V?$allocator@D@2@@std@@PADH0@Z) 中被引用
     1>VspdCToMySQL.obj : error LNK2019: 无法解析的外部符号 _mysql_fetch_row@4，该符号在函数 "public: class std::basic_string<char,struct std::char_traits<char>,class std::allocator<char> > __thiscall VspdCToMySQL::SelectData(char *,int,char *)" (?SelectData@VspdCToMySQL@@QAE?AV?$basic_string@DU?$char_traits@D@std@@V?$allocator@D@2@@std@@PADH0@Z) 中被引用
     1>VspdCToMySQL.obj : error LNK2019: 无法解析的外部符号 _mysql_store_result@4，该符号在函数 "public: class std::basic_string<char,struct std::char_traits<char>,class std::allocator<char> > __thiscall VspdCToMySQL::SelectData(char *,int,char *)" (?SelectData@VspdCToMySQL@@QAE?AV?$basic_string@DU?$char_traits@D@std@@V?$allocator@D@2@@std@@PADH0@Z) 中被引用
     1>VspdCToMySQL.obj : error LNK2019: 无法解析的外部符号 _mysql_query@8，该符号在函数 "public: class std::basic_string<char,struct std::char_traits<char>,class std::allocator<char> > __thiscall VspdCToMySQL::SelectData(char *,int,char *)" (?SelectData@VspdCToMySQL@@QAE?AV?$basic_string@DU?$char_traits@D@std@@V?$allocator@D@2@@std@@PADH0@Z) 中被引用
     1>VspdCToMySQL.obj : error LNK2019: 无法解析的外部符号 _mysql_close@4，该符号在函数 "public: void __thiscall VspdCToMySQL::CloseMySQLConn(void)" (?CloseMySQLConn@VspdCToMySQL@@QAEXXZ) 中被引用
     1>C:\work\httpservergithud\trunk\Debug\server.exe : fatal error LNK1120: 9 个无法解析的外部命令
     1>已完成生成项目“C:\work\httpservergithud\trunk\server\server.vcxproj”(build 个目标)的操作 - 失败。

生成失败。

已用时间 00:00:07.07
