C:\work\serverHttp\server\Debug\server.pdb
C:\work\serverHttp\server\server\Debug\cl.command.1.tlog
C:\work\serverHttp\server\server\Debug\CL.read.1.tlog
C:\work\serverHttp\server\server\Debug\CL.write.1.tlog
C:\work\serverHttp\server\server\Debug\link.command.1.tlog
C:\work\serverHttp\server\server\Debug\link.read.1.tlog
C:\work\serverHttp\server\server\Debug\link.write.1.tlog
C:\work\serverHttp\server\server\Debug\link-cvtres.read.1.tlog
C:\work\serverHttp\server\server\Debug\link-cvtres.write.1.tlog
C:\WORK\SERVERHTTP\SERVER\SERVER\DEBUG\MONGOOSE.OBJ
C:\WORK\SERVERHTTP\SERVER\SERVER\DEBUG\POST.OBJ
C:\work\serverHttp\server\server\Debug\rc.command.1.tlog
C:\work\serverHttp\server\server\Debug\rc.read.1.tlog
C:\work\serverHttp\server\server\Debug\rc.write.1.tlog
C:\work\serverHttp\server\server\Debug\server.exe.embed.manifest
C:\WORK\SERVERHTTP\SERVER\SERVER\DEBUG\SERVER.EXE.EMBED.MANIFEST.RES
C:\work\serverHttp\server\server\Debug\server.exe.intermediate.manifest
C:\work\serverHttp\server\server\Debug\server_manifest.rc
C:\work\serverHttp\server\server\Debug\vc100.idb
C:\WORK\SERVERHTTP\SERVER\SERVER\DEBUG\VC100.PDB
C:\WORK\SERVERHTTP\SERVER\SERVER\DEBUG\VSPDCTOMYSQL.OBJ
